{
  "RSpec": {
    "coverage": {
      "/home/tolik/rails_projects/bulletin_app/app/models/user.rb": [
        1,
        1,
        1,
        1,
        1,
        null,
        1,
        null,
        null,
        null,
        1,
        1,
        1,
        1,
        1,
        1,
        1,
        1,
        null,
        1,
        1,
        null,
        1,
        1,
        null,
        1,
        1,
        null,
        1,
        7,
        null,
        null,
        1,
        0,
        0,
        0,
        null,
        0,
        null,
        null,
        null,
        1,
        0,
        0,
        0,
        0,
        null,
        null,
        null,
        1,
        0,
        0,
        0,
        0,
        null,
        null,
        0,
        null,
        null,
        null,
        1,
        14,
        null,
        null,
        1,
        2,
        0,
        null,
        2,
        null,
        null,
        1,
        1,
        5,
        null,
        null,
        null
      ],
      "/home/tolik/rails_projects/bulletin_app/app/controllers/application_controller.rb": [
        1,
        1,
        null,
        1,
        0,
        0,
        null,
        null,
        null,
        null,
        null,
        null
      ],
      "/home/tolik/rails_projects/bulletin_app/app/helpers/application_helper.rb": [
        1,
        1,
        4,
        4,
        4,
        null,
        0,
        null,
        null,
        null,
        null
      ],
      "/home/tolik/rails_projects/bulletin_app/app/helpers/advertisements_helper.rb": [
        1,
        null
      ],
      "/home/tolik/rails_projects/bulletin_app/app/helpers/comments_helper.rb": [
        1,
        1,
        0,
        null,
        null
      ],
      "/home/tolik/rails_projects/bulletin_app/app/helpers/devise_helper.rb": [
        1,
        1,
        4,
        null,
        4,
        2,
        null,
        null,
        null,
        2,
        null,
        null,
        null,
        null,
        null,
        null,
        null,
        2,
        null,
        null
      ],
      "/home/tolik/rails_projects/bulletin_app/app/helpers/omniauth_callbacks_helper.rb": [
        1,
        null
      ],
      "/home/tolik/rails_projects/bulletin_app/app/helpers/static_pages_helper.rb": [
        1,
        null
      ],
      "/home/tolik/rails_projects/bulletin_app/app/helpers/users_helper.rb": [
        1,
        null,
        1,
        0,
        0,
        0,
        0,
        null,
        null
      ],
      "/home/tolik/rails_projects/bulletin_app/app/controllers/advertisements_controller.rb": [
        1,
        1,
        1,
        null,
        null,
        null,
        1,
        null,
        null,
        null,
        1,
        0,
        0,
        0,
        0,
        null,
        0,
        null,
        null,
        null,
        1,
        null,
        null,
        1,
        0,
        0,
        0,
        null,
        0,
        null,
        null,
        null,
        null,
        1,
        0,
        null,
        null,
        1,
        0,
        null,
        null,
        1,
        0,
        0,
        0,
        null,
        null,
        1,
        1,
        0,
        null,
        null,
        null
      ],
      "/home/tolik/rails_projects/bulletin_app/app/models/advertisement.rb": [
        1,
        1,
        null,
        1,
        null,
        1,
        null,
        1,
        1,
        1,
        1,
        null,
        1,
        null,
        1,
        1,
        null,
        null,
        null,
        null,
        null,
        null,
        null,
        null,
        null,
        null,
        null,
        null,
        null,
        1,
        0,
        0,
        null,
        0,
        null,
        null,
        null,
        null
      ],
      "/home/tolik/rails_projects/bulletin_app/app/uploaders/img_uploader.rb": [
        null,
        null,
        1,
        null,
        null,
        1,
        null,
        1,
        1,
        null,
        null,
        null,
        null,
        null,
        1,
        null,
        null,
        null,
        null,
        1,
        null,
        0,
        null,
        null,
        null,
        1,
        null,
        0,
        null,
        null,
        null,
        null,
        null,
        null,
        null,
        null,
        null,
        null,
        null,
        null,
        1,
        1,
        null,
        null,
        null,
        null,
        null,
        null,
        null,
        null,
        null,
        null,
        null,
        null,
        null,
        null,
        null
      ],
      "/home/tolik/rails_projects/bulletin_app/app/controllers/comments_controller.rb": [
        1,
        1,
        null,
        1,
        0,
        0,
        0,
        0,
        0,
        0,
        0,
        0,
        0,
        null,
        null,
        0,
        null,
        null,
        null,
        1,
        0,
        0,
        null,
        null,
        1,
        0,
        0,
        null,
        null,
        1,
        0,
        0,
        0,
        0,
        null,
        null,
        0,
        null,
        null,
        null,
        1,
        0,
        0,
        0,
        0,
        0,
        0,
        null,
        null,
        null
      ],
      "/home/tolik/rails_projects/bulletin_app/app/models/comment.rb": [
        1,
        null,
        1,
        1,
        1,
        1,
        1,
        1,
        null
      ],
      "/home/tolik/rails_projects/bulletin_app/app/controllers/omniauth_callbacks_controller.rb": [
        1,
        1,
        null,
        0,
        0,
        0,
        0,
        null,
        0,
        0,
        null,
        null,
        1,
        1,
        1,
        null,
        null
      ],
      "/home/tolik/rails_projects/bulletin_app/app/controllers/static_pages_controller.rb": [
        1,
        1,
        0,
        0,
        0,
        null,
        null,
        null
      ],
      "/home/tolik/rails_projects/bulletin_app/app/controllers/users/registrations_controller.rb": [
        null,
        null,
        null,
        null,
        null,
        null,
        null,
        null
      ],
      "/home/tolik/rails_projects/bulletin_app/app/controllers/users_controller.rb": [
        1,
        1,
        1,
        null,
        null,
        1,
        null,
        null,
        null,
        1,
        2,
        2,
        null,
        null,
        1,
        1,
        null,
        null,
        1,
        0,
        null,
        null,
        1,
        0,
        0,
        0,
        0,
        null,
        0,
        null,
        null,
        null
      ],
      "/home/tolik/rails_projects/bulletin_app/app/mailers/user_mailer.rb": [
        null,
        null,
        null,
        null,
        1,
        1,
        null,
        1,
        0,
        0,
        0,
        null,
        null,
        null
      ],
      "/home/tolik/rails_projects/bulletin_app/app/models/ability.rb": [
        1,
        1,
        null,
        1,
        3,
        null,
        null,
        3,
        0,
        3,
        0,
        0,
        0,
        3,
        0,
        0,
        null,
        0,
        0,
        null,
        0,
        null,
        0,
        null,
        0,
        0,
        null,
        0,
        null,
        null,
        0,
        null,
        null,
        null,
        3,
        null,
        null,
        null,
        null,
        null,
        null,
        null,
        null,
        null,
        null,
        null,
        null,
        null,
        null,
        null,
        null,
        null,
        null,
        null,
        null,
        null,
        null,
        null,
        null,
        null
      ],
      "/home/tolik/rails_projects/bulletin_app/app/models/role.rb": [
        1,
        1,
        1,
        null,
        1,
        null
      ]
    },
    "timestamp": 1367667326
  }
}
